# JRE version: OpenJDK Runtime Environment (8.0_152-b01) (build 1.8.0_152-release-1343-b01)
# Java VM: OpenJDK 64-Bit Server VM (25.152-b01 mixed mode windows-amd64 compressed oops)
Heap:
 PSYoungGen      total 312832K, used 52757K [0x00000000e0000000, 0x00000000f8080000, 0x0000000100000000)
  eden space 245760K, 5% used [0x00000000e0000000,0x00000000e0c6c058,0x00000000ef000000)
  from space 67072K, 59% used [0x00000000ef000000,0x00000000f1719648,0x00000000f3180000)
  to   space 69120K, 0% used [0x00000000f3d00000,0x00000000f3d00000,0x00000000f8080000)
 ParOldGen       total 140288K, used 111900K [0x00000000a0000000, 0x00000000a8900000, 0x00000000e0000000)
  object space 140288K, 79% used [0x00000000a0000000,0x00000000a6d471c8,0x00000000a8900000)
 Metaspace       used 93098K, capacity 98546K, committed 98648K, reserved 1134592K
  class space    used 11643K, capacity 12556K, committed 12632K, reserved 1048576K
GC Heap History (10 events):
Event: 12440.923 GC heap before
{Heap before GC invocations=47 (full 4):
 PSYoungGen      total 294912K, used 238479K [0x00000000e0000000, 0x00000000f6880000, 0x0000000100000000)
  eden space 229888K, 100% used [0x00000000e0000000,0x00000000ee080000,0x00000000ee080000)
  from space 65024K, 13% used [0x00000000f2900000,0x00000000f3163d98,0x00000000f6880000)
  to   space 69632K, 0% used [0x00000000ee080000,0x00000000ee080000,0x00000000f2480000)
 ParOldGen       total 140288K, used 111460K [0x00000000a0000000, 0x00000000a8900000, 0x00000000e0000000)
  object space 140288K, 79% used [0x00000000a0000000,0x00000000a6cd91b8,0x00000000a8900000)
 Metaspace       used 91954K, capacity 96208K, committed 96472K, reserved 1134592K
  class space    used 11461K, capacity 12221K, committed 12248K, reserved 1048576K
Event: 12440.932 GC heap after
Heap after GC invocations=47 (full 4):
 PSYoungGen      total 299520K, used 2528K [0x00000000e0000000, 0x00000000f6f80000, 0x0000000100000000)
  eden space 229888K, 0% used [0x00000000e0000000,0x00000000e0000000,0x00000000ee080000)
  from space 69632K, 3% used [0x00000000ee080000,0x00000000ee2f8010,0x00000000f2480000)
  to   space 68608K, 0% used [0x00000000f2c80000,0x00000000f2c80000,0x00000000f6f80000)
 ParOldGen       total 140288K, used 111508K [0x00000000a0000000, 0x00000000a8900000, 0x00000000e0000000)
  object space 140288K, 79% used [0x00000000a0000000,0x00000000a6ce51b8,0x00000000a8900000)
 Metaspace       used 91954K, capacity 96208K, committed 96472K, reserved 1134592K
  class space    used 11461K, capacity 12221K, committed 12248K, reserved 1048576K
}
Event: 12445.612 GC heap before
{Heap before GC invocations=48 (full 4):
 PSYoungGen      total 299520K, used 232289K [0x00000000e0000000, 0x00000000f6f80000, 0x0000000100000000)
  eden space 229888K, 99% used [0x00000000e0000000,0x00000000ee060420,0x00000000ee080000)
  from space 69632K, 3% used [0x00000000ee080000,0x00000000ee2f8010,0x00000000f2480000)
  to   space 68608K, 0% used [0x00000000f2c80000,0x00000000f2c80000,0x00000000f6f80000)
 ParOldGen       total 140288K, used 111508K [0x00000000a0000000, 0x00000000a8900000, 0x00000000e0000000)
  object space 140288K, 79% used [0x00000000a0000000,0x00000000a6ce51b8,0x00000000a8900000)
 Metaspace       used 92034K, capacity 96272K, committed 96472K, reserved 1134592K
  class space    used 11461K, capacity 12221K, committed 12248K, reserved 1048576K
Event: 12445.812 GC heap after
Heap after GC invocations=48 (full 4):
 PSYoungGen      total 303616K, used 45462K [0x00000000e0000000, 0x00000000f7a00000, 0x0000000100000000)
  eden space 235008K, 0% used [0x00000000e0000000,0x00000000e0000000,0x00000000ee580000)
  from space 68608K, 66% used [0x00000000f2c80000,0x00000000f58e5840,0x00000000f6f80000)
  to   space 72704K, 0% used [0x00000000ee580000,0x00000000ee580000,0x00000000f2c80000)
 ParOldGen       total 140288K, used 111668K [0x00000000a0000000, 0x00000000a8900000, 0x00000000e0000000)
  object space 140288K, 79% used [0x00000000a0000000,0x00000000a6d0d1b8,0x00000000a8900000)
 Metaspace       used 92034K, capacity 96272K, committed 96472K, reserved 1134592K
  class space    used 11461K, capacity 12221K, committed 12248K, reserved 1048576K
}
Event: 14589.820 GC heap before
{Heap before GC invocations=49 (full 4):
 PSYoungGen      total 303616K, used 280470K [0x00000000e0000000, 0x00000000f7a00000, 0x0000000100000000)
  eden space 235008K, 100% used [0x00000000e0000000,0x00000000ee580000,0x00000000ee580000)
  from space 68608K, 66% used [0x00000000f2c80000,0x00000000f58e5840,0x00000000f6f80000)
  to   space 72704K, 0% used [0x00000000ee580000,0x00000000ee580000,0x00000000f2c80000)
 ParOldGen       total 140288K, used 111668K [0x00000000a0000000, 0x00000000a8900000, 0x00000000e0000000)
  object space 140288K, 79% used [0x00000000a0000000,0x00000000a6d0d1b8,0x00000000a8900000)
 Metaspace       used 92912K, capacity 98346K, committed 98648K, reserved 1134592K
  class space    used 11642K, capacity 12556K, committed 12632K, reserved 1048576K
Event: 14590.006 GC heap after
Heap after GC invocations=49 (full 4):
 PSYoungGen      total 307712K, used 4896K [0x00000000e0000000, 0x00000000f7a00000, 0x0000000100000000)
  eden space 235008K, 0% used [0x00000000e0000000,0x00000000e0000000,0x00000000ee580000)
  from space 72704K, 6% used [0x00000000ee580000,0x00000000eea48010,0x00000000f2c80000)
  to   space 71168K, 0% used [0x00000000f3480000,0x00000000f3480000,0x00000000f7a00000)
 ParOldGen       total 140288K, used 111708K [0x00000000a0000000, 0x00000000a8900000, 0x00000000e0000000)
  object space 140288K, 79% used [0x00000000a0000000,0x00000000a6d171b8,0x00000000a8900000)
 Metaspace       used 92912K, capacity 98346K, committed 98648K, reserved 1134592K
  class space    used 11642K, capacity 12556K, committed 12632K, reserved 1048576K
}
Event: 14594.646 GC heap before
{Heap before GC invocations=50 (full 4):
 PSYoungGen      total 307712K, used 239377K [0x00000000e0000000, 0x00000000f7a00000, 0x0000000100000000)
  eden space 235008K, 99% used [0x00000000e0000000,0x00000000ee4fc430,0x00000000ee580000)
  from space 72704K, 6% used [0x00000000ee580000,0x00000000eea48010,0x00000000f2c80000)
  to   space 71168K, 0% used [0x00000000f3480000,0x00000000f3480000,0x00000000f7a00000)
 ParOldGen       total 140288K, used 111708K [0x00000000a0000000, 0x00000000a8900000, 0x00000000e0000000)
  object space 140288K, 79% used [0x00000000a0000000,0x00000000a6d171b8,0x00000000a8900000)
 Metaspace       used 93009K, capacity 98482K, committed 98648K, reserved 1134592K
  class space    used 11643K, capacity 12556K, committed 12632K, reserved 1048576K
Event: 14594.773 GC heap after
Heap after GC invocations=50 (full 4):
 PSYoungGen      total 309760K, used 17898K [0x00000000e0000000, 0x00000000f7300000, 0x0000000100000000)
  eden space 245760K, 0% used [0x00000000e0000000,0x00000000e0000000,0x00000000ef000000)
  from space 64000K, 27% used [0x00000000f3480000,0x00000000f45fa828,0x00000000f7300000)
  to   space 67072K, 0% used [0x00000000ef000000,0x00000000ef000000,0x00000000f3180000)
 ParOldGen       total 140288K, used 111836K [0x00000000a0000000, 0x00000000a8900000, 0x00000000e0000000)
  object space 140288K, 79% used [0x00000000a0000000,0x00000000a6d371c8,0x00000000a8900000)
 Metaspace       used 93009K, capacity 98482K, committed 98648K, reserved 1134592K
  class space    used 11643K, capacity 12556K, committed 12632K, reserved 1048576K
}
Event: 14705.187 GC heap before
{Heap before GC invocations=51 (full 4):
 PSYoungGen      total 309760K, used 263658K [0x00000000e0000000, 0x00000000f7300000, 0x0000000100000000)
  eden space 245760K, 100% used [0x00000000e0000000,0x00000000ef000000,0x00000000ef000000)
  from space 64000K, 27% used [0x00000000f3480000,0x00000000f45fa828,0x00000000f7300000)
  to   space 67072K, 0% used [0x00000000ef000000,0x00000000ef000000,0x00000000f3180000)
 ParOldGen       total 140288K, used 111836K [0x00000000a0000000, 0x00000000a8900000, 0x00000000e0000000)
  object space 140288K, 79% used [0x00000000a0000000,0x00000000a6d371c8,0x00000000a8900000)
 Metaspace       used 93096K, capacity 98546K, committed 98648K, reserved 1134592K
  class space    used 11643K, capacity 12556K, committed 12632K, reserved 1048576K
Event: 14705.682 GC heap after
Heap after GC invocations=51 (full 4):
 PSYoungGen      total 312832K, used 40037K [0x00000000e0000000, 0x00000000f8080000, 0x0000000100000000)
  eden space 245760K, 0% used [0x00000000e0000000,0x00000000e0000000,0x00000000ef000000)
  from space 67072K, 59% used [0x00000000ef000000,0x00000000f1719648,0x00000000f3180000)
  to   space 69120K, 0% used [0x00000000f3d00000,0x00000000f3d00000,0x00000000f8080000)
 ParOldGen       total 140288K, used 111900K [0x00000000a0000000, 0x00000000a8900000, 0x00000000e0000000)
  object space 140288K, 79% used [0x00000000a0000000,0x00000000a6d471c8,0x00000000a8900000)
 Metaspace       used 93096K, capacity 98546K, committed 98648K, reserved 1134592K
  class space    used 11643K, capacity 12556K, committed 12632K, reserved 1048576K
}

