# JRE version: OpenJDK Runtime Environment (8.0_152-b01) (build 1.8.0_152-release-1343-b01)
# Java VM: OpenJDK 64-Bit Server VM (25.152-b01 mixed mode windows-amd64 compressed oops)
Heap:
 PSYoungGen      total 404992K, used 404968K [0x00000000e0000000, 0x00000000fd680000, 0x0000000100000000)
  eden space 366080K, 100% used [0x00000000e0000000,0x00000000f6580000,0x00000000f6580000)
  from space 38912K, 99% used [0x00000000f6580000,0x00000000f8b7a1c8,0x00000000f8b80000)
  to   space 51712K, 99% used [0x00000000fa400000,0x00000000fd678128,0x00000000fd680000)
 ParOldGen       total 170496K, used 115629K [0x00000000a0000000, 0x00000000aa680000, 0x00000000e0000000)
  object space 170496K, 67% used [0x00000000a0000000,0x00000000a70eb4a8,0x00000000aa680000)
 Metaspace       used 88517K, capacity 92494K, committed 93144K, reserved 1130496K
  class space    used 11169K, capacity 11846K, committed 12032K, reserved 1048576K
GC Heap History (10 events):
Event: 3846.043 GC heap after
Heap after GC invocations=26 (full 4):
 PSYoungGen      total 369664K, used 27110K [0x00000000e0000000, 0x00000000fbf80000, 0x0000000100000000)
  eden space 342528K, 0% used [0x00000000e0000000,0x00000000e0000000,0x00000000f4e80000)
  from space 27136K, 99% used [0x00000000fa500000,0x00000000fbf798b0,0x00000000fbf80000)
  to   space 41984K, 0% used [0x00000000f6d80000,0x00000000f6d80000,0x00000000f9680000)
 ParOldGen       total 101376K, used 83914K [0x00000000a0000000, 0x00000000a6300000, 0x00000000e0000000)
  object space 101376K, 82% used [0x00000000a0000000,0x00000000a51f2ac8,0x00000000a6300000)
 Metaspace       used 88181K, capacity 92432K, committed 92632K, reserved 1130496K
  class space    used 11245K, capacity 11985K, committed 12032K, reserved 1048576K
}
Event: 3846.089 GC heap before
{Heap before GC invocations=27 (full 5):
 PSYoungGen      total 369664K, used 27110K [0x00000000e0000000, 0x00000000fbf80000, 0x0000000100000000)
  eden space 342528K, 0% used [0x00000000e0000000,0x00000000e0000000,0x00000000f4e80000)
  from space 27136K, 99% used [0x00000000fa500000,0x00000000fbf798b0,0x00000000fbf80000)
  to   space 41984K, 0% used [0x00000000f6d80000,0x00000000f6d80000,0x00000000f9680000)
 ParOldGen       total 101376K, used 83914K [0x00000000a0000000, 0x00000000a6300000, 0x00000000e0000000)
  object space 101376K, 82% used [0x00000000a0000000,0x00000000a51f2ac8,0x00000000a6300000)
 Metaspace       used 88181K, capacity 92432K, committed 92632K, reserved 1130496K
  class space    used 11245K, capacity 11985K, committed 12032K, reserved 1048576K
Event: 3849.521 GC heap after
Heap after GC invocations=27 (full 5):
 PSYoungGen      total 369664K, used 0K [0x00000000e0000000, 0x00000000fbf80000, 0x0000000100000000)
  eden space 342528K, 0% used [0x00000000e0000000,0x00000000e0000000,0x00000000f4e80000)
  from space 27136K, 0% used [0x00000000fa500000,0x00000000fa500000,0x00000000fbf80000)
  to   space 41984K, 0% used [0x00000000f6d80000,0x00000000f6d80000,0x00000000f9680000)
 ParOldGen       total 170496K, used 89542K [0x00000000a0000000, 0x00000000aa680000, 0x00000000e0000000)
  object space 170496K, 52% used [0x00000000a0000000,0x00000000a5771900,0x00000000aa680000)
 Metaspace       used 87776K, capacity 91530K, committed 92632K, reserved 1130496K
  class space    used 11140K, capacity 11796K, committed 12032K, reserved 1048576K
}
Event: 4541.320 GC heap before
{Heap before GC invocations=28 (full 5):
 PSYoungGen      total 369664K, used 342528K [0x00000000e0000000, 0x00000000fbf80000, 0x0000000100000000)
  eden space 342528K, 100% used [0x00000000e0000000,0x00000000f4e80000,0x00000000f4e80000)
  from space 27136K, 0% used [0x00000000fa500000,0x00000000fa500000,0x00000000fbf80000)
  to   space 41984K, 0% used [0x00000000f6d80000,0x00000000f6d80000,0x00000000f9680000)
 ParOldGen       total 170496K, used 89542K [0x00000000a0000000, 0x00000000aa680000, 0x00000000e0000000)
  object space 170496K, 52% used [0x00000000a0000000,0x00000000a5771900,0x00000000aa680000)
 Metaspace       used 88055K, capacity 91876K, committed 92632K, reserved 1130496K
  class space    used 11165K, capacity 11843K, committed 12032K, reserved 1048576K
Event: 4541.389 GC heap after
Heap after GC invocations=28 (full 5):
 PSYoungGen      total 381952K, used 16496K [0x00000000e0000000, 0x00000000fb280000, 0x0000000100000000)
  eden space 365056K, 0% used [0x00000000e0000000,0x00000000e0000000,0x00000000f6480000)
  from space 16896K, 97% used [0x00000000f6d80000,0x00000000f7d9c020,0x00000000f7e00000)
  to   space 39936K, 0% used [0x00000000f8b80000,0x00000000f8b80000,0x00000000fb280000)
 ParOldGen       total 170496K, used 89550K [0x00000000a0000000, 0x00000000aa680000, 0x00000000e0000000)
  object space 170496K, 52% used [0x00000000a0000000,0x00000000a5773900,0x00000000aa680000)
 Metaspace       used 88055K, capacity 91876K, committed 92632K, reserved 1130496K
  class space    used 11165K, capacity 11843K, committed 12032K, reserved 1048576K
}
Event: 4875.635 GC heap before
{Heap before GC invocations=29 (full 5):
 PSYoungGen      total 381952K, used 381552K [0x00000000e0000000, 0x00000000fb280000, 0x0000000100000000)
  eden space 365056K, 100% used [0x00000000e0000000,0x00000000f6480000,0x00000000f6480000)
  from space 16896K, 97% used [0x00000000f6d80000,0x00000000f7d9c020,0x00000000f7e00000)
  to   space 39936K, 0% used [0x00000000f8b80000,0x00000000f8b80000,0x00000000fb280000)
 ParOldGen       total 170496K, used 89550K [0x00000000a0000000, 0x00000000aa680000, 0x00000000e0000000)
  object space 170496K, 52% used [0x00000000a0000000,0x00000000a5773900,0x00000000aa680000)
 Metaspace       used 88164K, capacity 92072K, committed 92888K, reserved 1130496K
  class space    used 11166K, capacity 11843K, committed 12032K, reserved 1048576K
Event: 4875.707 GC heap after
Heap after GC invocations=29 (full 5):
 PSYoungGen      total 406016K, used 8527K [0x00000000e0000000, 0x00000000fc300000, 0x0000000100000000)
  eden space 366080K, 0% used [0x00000000e0000000,0x00000000e0000000,0x00000000f6580000)
  from space 39936K, 21% used [0x00000000f8b80000,0x00000000f93d3d88,0x00000000fb280000)
  to   space 38912K, 0% used [0x00000000f6580000,0x00000000f6580000,0x00000000f8b80000)
 ParOldGen       total 170496K, used 89558K [0x00000000a0000000, 0x00000000aa680000, 0x00000000e0000000)
  object space 170496K, 52% used [0x00000000a0000000,0x00000000a5775900,0x00000000aa680000)
 Metaspace       used 88164K, capacity 92072K, committed 92888K, reserved 1130496K
  class space    used 11166K, capacity 11843K, committed 12032K, reserved 1048576K
}
Event: 5305.082 GC heap before
{Heap before GC invocations=30 (full 5):
 PSYoungGen      total 406016K, used 374607K [0x00000000e0000000, 0x00000000fc300000, 0x0000000100000000)
  eden space 366080K, 100% used [0x00000000e0000000,0x00000000f6580000,0x00000000f6580000)
  from space 39936K, 21% used [0x00000000f8b80000,0x00000000f93d3d88,0x00000000fb280000)
  to   space 38912K, 0% used [0x00000000f6580000,0x00000000f6580000,0x00000000f8b80000)
 ParOldGen       total 170496K, used 89558K [0x00000000a0000000, 0x00000000aa680000, 0x00000000e0000000)
  object space 170496K, 52% used [0x00000000a0000000,0x00000000a5775900,0x00000000aa680000)
 Metaspace       used 88340K, capacity 92226K, committed 92888K, reserved 1130496K
  class space    used 11169K, capacity 11846K, committed 12032K, reserved 1048576K
Event: 5305.289 GC heap after
Heap after GC invocations=30 (full 5):
 PSYoungGen      total 404992K, used 38888K [0x00000000e0000000, 0x00000000fd680000, 0x0000000100000000)
  eden space 366080K, 0% used [0x00000000e0000000,0x00000000e0000000,0x00000000f6580000)
  from space 38912K, 99% used [0x00000000f6580000,0x00000000f8b7a1c8,0x00000000f8b80000)
  to   space 51712K, 0% used [0x00000000fa400000,0x00000000fa400000,0x00000000fd680000)
 ParOldGen       total 170496K, used 107128K [0x00000000a0000000, 0x00000000aa680000, 0x00000000e0000000)
  object space 170496K, 62% used [0x00000000a0000000,0x00000000a689e3e8,0x00000000aa680000)
 Metaspace       used 88340K, capacity 92226K, committed 92888K, reserved 1130496K
  class space    used 11169K, capacity 11846K, committed 12032K, reserved 1048576K
}
Event: 5511.315 GC heap before
{Heap before GC invocations=31 (full 5):
 PSYoungGen      total 404992K, used 404968K [0x00000000e0000000, 0x00000000fd680000, 0x0000000100000000)
  eden space 366080K, 100% used [0x00000000e0000000,0x00000000f6580000,0x00000000f6580000)
  from space 38912K, 99% used [0x00000000f6580000,0x00000000f8b7a1c8,0x00000000f8b80000)
  to   space 51712K, 0% used [0x00000000fa400000,0x00000000fa400000,0x00000000fd680000)
 ParOldGen       total 170496K, used 107128K [0x00000000a0000000, 0x00000000aa680000, 0x00000000e0000000)
  object space 170496K, 62% used [0x00000000a0000000,0x00000000a689e3e8,0x00000000aa680000)
 Metaspace       used 88517K, capacity 92494K, committed 93144K, reserved 1130496K
  class space    used 11169K, capacity 11846K, committed 12032K, reserved 1048576K

