# JRE version: OpenJDK Runtime Environment (8.0_152-b01) (build 1.8.0_152-release-1343-b01)
# Java VM: OpenJDK 64-Bit Server VM (25.152-b01 mixed mode windows-amd64 compressed oops)
Heap:
 PSYoungGen      total 246272K, used 65010K [0x00000000e0000000, 0x00000000f2e00000, 0x0000000100000000)
  eden space 199680K, 18% used [0x00000000e0000000,0x00000000e2416ab8,0x00000000ec300000)
  from space 46592K, 60% used [0x00000000ec300000,0x00000000ede65f30,0x00000000ef080000)
  to   space 47616K, 0% used [0x00000000eff80000,0x00000000eff80000,0x00000000f2e00000)
 ParOldGen       total 186368K, used 89671K [0x00000000a0000000, 0x00000000ab600000, 0x00000000e0000000)
  object space 186368K, 48% used [0x00000000a0000000,0x00000000a5791c88,0x00000000ab600000)
 Metaspace       used 91209K, capacity 95168K, committed 95320K, reserved 1132544K
  class space    used 11610K, capacity 12373K, committed 12416K, reserved 1048576K
GC Heap History (10 events):
Event: 1345.271 GC heap before
{Heap before GC invocations=25 (full 4):
 PSYoungGen      total 192000K, used 158720K [0x00000000e0000000, 0x00000000f2680000, 0x0000000100000000)
  eden space 158720K, 100% used [0x00000000e0000000,0x00000000e9b00000,0x00000000e9b00000)
  from space 33280K, 0% used [0x00000000ecc80000,0x00000000ecc80000,0x00000000eed00000)
  to   space 50688K, 0% used [0x00000000e9b00000,0x00000000e9b00000,0x00000000ecc80000)
 ParOldGen       total 186368K, used 89631K [0x00000000a0000000, 0x00000000ab600000, 0x00000000e0000000)
  object space 186368K, 48% used [0x00000000a0000000,0x00000000a5787c88,0x00000000ab600000)
 Metaspace       used 89565K, capacity 93174K, committed 93656K, reserved 1130496K
  class space    used 11451K, capacity 12184K, committed 12288K, reserved 1048576K
Event: 1345.294 GC heap after
Heap after GC invocations=25 (full 4):
 PSYoungGen      total 209408K, used 4081K [0x00000000e0000000, 0x00000000f1500000, 0x0000000100000000)
  eden space 158720K, 0% used [0x00000000e0000000,0x00000000e0000000,0x00000000e9b00000)
  from space 50688K, 8% used [0x00000000e9b00000,0x00000000e9efc770,0x00000000ecc80000)
  to   space 50176K, 0% used [0x00000000ee400000,0x00000000ee400000,0x00000000f1500000)
 ParOldGen       total 186368K, used 89639K [0x00000000a0000000, 0x00000000ab600000, 0x00000000e0000000)
  object space 186368K, 48% used [0x00000000a0000000,0x00000000a5789c88,0x00000000ab600000)
 Metaspace       used 89565K, capacity 93174K, committed 93656K, reserved 1130496K
  class space    used 11451K, capacity 12184K, committed 12288K, reserved 1048576K
}
Event: 1633.840 GC heap before
{Heap before GC invocations=26 (full 4):
 PSYoungGen      total 209408K, used 162801K [0x00000000e0000000, 0x00000000f1500000, 0x0000000100000000)
  eden space 158720K, 100% used [0x00000000e0000000,0x00000000e9b00000,0x00000000e9b00000)
  from space 50688K, 8% used [0x00000000e9b00000,0x00000000e9efc770,0x00000000ecc80000)
  to   space 50176K, 0% used [0x00000000ee400000,0x00000000ee400000,0x00000000f1500000)
 ParOldGen       total 186368K, used 89639K [0x00000000a0000000, 0x00000000ab600000, 0x00000000e0000000)
  object space 186368K, 48% used [0x00000000a0000000,0x00000000a5789c88,0x00000000ab600000)
 Metaspace       used 90428K, capacity 94192K, committed 94552K, reserved 1132544K
  class space    used 11572K, capacity 12311K, committed 12416K, reserved 1048576K
Event: 1633.859 GC heap after
Heap after GC invocations=26 (full 4):
 PSYoungGen      total 224256K, used 3976K [0x00000000e0000000, 0x00000000f1000000, 0x0000000100000000)
  eden space 179200K, 0% used [0x00000000e0000000,0x00000000e0000000,0x00000000eaf00000)
  from space 45056K, 8% used [0x00000000ee400000,0x00000000ee7e22d8,0x00000000f1000000)
  to   space 49664K, 0% used [0x00000000eaf00000,0x00000000eaf00000,0x00000000edf80000)
 ParOldGen       total 186368K, used 89647K [0x00000000a0000000, 0x00000000ab600000, 0x00000000e0000000)
  object space 186368K, 48% used [0x00000000a0000000,0x00000000a578bc88,0x00000000ab600000)
 Metaspace       used 90428K, capacity 94192K, committed 94552K, reserved 1132544K
  class space    used 11572K, capacity 12311K, committed 12416K, reserved 1048576K
}
Event: 1641.871 GC heap before
{Heap before GC invocations=27 (full 4):
 PSYoungGen      total 224256K, used 183176K [0x00000000e0000000, 0x00000000f1000000, 0x0000000100000000)
  eden space 179200K, 100% used [0x00000000e0000000,0x00000000eaf00000,0x00000000eaf00000)
  from space 45056K, 8% used [0x00000000ee400000,0x00000000ee7e22d8,0x00000000f1000000)
  to   space 49664K, 0% used [0x00000000eaf00000,0x00000000eaf00000,0x00000000edf80000)
 ParOldGen       total 186368K, used 89647K [0x00000000a0000000, 0x00000000ab600000, 0x00000000e0000000)
  object space 186368K, 48% used [0x00000000a0000000,0x00000000a578bc88,0x00000000ab600000)
 Metaspace       used 90772K, capacity 94624K, committed 94808K, reserved 1132544K
  class space    used 11577K, capacity 12317K, committed 12416K, reserved 1048576K
Event: 1641.919 GC heap after
Heap after GC invocations=27 (full 4):
 PSYoungGen      total 228864K, used 20823K [0x00000000e0000000, 0x00000000f2100000, 0x0000000100000000)
  eden space 179200K, 0% used [0x00000000e0000000,0x00000000e0000000,0x00000000eaf00000)
  from space 49664K, 41% used [0x00000000eaf00000,0x00000000ec355d18,0x00000000edf80000)
  to   space 47616K, 0% used [0x00000000ef280000,0x00000000ef280000,0x00000000f2100000)
 ParOldGen       total 186368K, used 89655K [0x00000000a0000000, 0x00000000ab600000, 0x00000000e0000000)
  object space 186368K, 48% used [0x00000000a0000000,0x00000000a578dc88,0x00000000ab600000)
 Metaspace       used 90772K, capacity 94624K, committed 94808K, reserved 1132544K
  class space    used 11577K, capacity 12317K, committed 12416K, reserved 1048576K
}
Event: 1646.508 GC heap before
{Heap before GC invocations=28 (full 4):
 PSYoungGen      total 228864K, used 200023K [0x00000000e0000000, 0x00000000f2100000, 0x0000000100000000)
  eden space 179200K, 100% used [0x00000000e0000000,0x00000000eaf00000,0x00000000eaf00000)
  from space 49664K, 41% used [0x00000000eaf00000,0x00000000ec355d18,0x00000000edf80000)
  to   space 47616K, 0% used [0x00000000ef280000,0x00000000ef280000,0x00000000f2100000)
 ParOldGen       total 186368K, used 89655K [0x00000000a0000000, 0x00000000ab600000, 0x00000000e0000000)
  object space 186368K, 48% used [0x00000000a0000000,0x00000000a578dc88,0x00000000ab600000)
 Metaspace       used 90850K, capacity 94646K, committed 94808K, reserved 1132544K
  class space    used 11580K, capacity 12320K, committed 12416K, reserved 1048576K
Event: 1646.534 GC heap after
Heap after GC invocations=28 (full 4):
 PSYoungGen      total 244224K, used 7666K [0x00000000e0000000, 0x00000000f1e00000, 0x0000000100000000)
  eden space 199680K, 0% used [0x00000000e0000000,0x00000000e0000000,0x00000000ec300000)
  from space 44544K, 17% used [0x00000000ef280000,0x00000000ef9fca38,0x00000000f1e00000)
  to   space 46592K, 0% used [0x00000000ec300000,0x00000000ec300000,0x00000000ef080000)
 ParOldGen       total 186368K, used 89663K [0x00000000a0000000, 0x00000000ab600000, 0x00000000e0000000)
  object space 186368K, 48% used [0x00000000a0000000,0x00000000a578fc88,0x00000000ab600000)
 Metaspace       used 90850K, capacity 94646K, committed 94808K, reserved 1132544K
  class space    used 11580K, capacity 12320K, committed 12416K, reserved 1048576K
}
Event: 1842.902 GC heap before
{Heap before GC invocations=29 (full 4):
 PSYoungGen      total 244224K, used 207346K [0x00000000e0000000, 0x00000000f1e00000, 0x0000000100000000)
  eden space 199680K, 100% used [0x00000000e0000000,0x00000000ec300000,0x00000000ec300000)
  from space 44544K, 17% used [0x00000000ef280000,0x00000000ef9fca38,0x00000000f1e00000)
  to   space 46592K, 0% used [0x00000000ec300000,0x00000000ec300000,0x00000000ef080000)
 ParOldGen       total 186368K, used 89663K [0x00000000a0000000, 0x00000000ab600000, 0x00000000e0000000)
  object space 186368K, 48% used [0x00000000a0000000,0x00000000a578fc88,0x00000000ab600000)
 Metaspace       used 91206K, capacity 95164K, committed 95320K, reserved 1132544K
  class space    used 11610K, capacity 12373K, committed 12416K, reserved 1048576K
Event: 1842.983 GC heap after
Heap after GC invocations=29 (full 4):
 PSYoungGen      total 246272K, used 28055K [0x00000000e0000000, 0x00000000f2e00000, 0x0000000100000000)
  eden space 199680K, 0% used [0x00000000e0000000,0x00000000e0000000,0x00000000ec300000)
  from space 46592K, 60% used [0x00000000ec300000,0x00000000ede65f30,0x00000000ef080000)
  to   space 47616K, 0% used [0x00000000eff80000,0x00000000eff80000,0x00000000f2e00000)
 ParOldGen       total 186368K, used 89671K [0x00000000a0000000, 0x00000000ab600000, 0x00000000e0000000)
  object space 186368K, 48% used [0x00000000a0000000,0x00000000a5791c88,0x00000000ab600000)
 Metaspace       used 91206K, capacity 95164K, committed 95320K, reserved 1132544K
  class space    used 11610K, capacity 12373K, committed 12416K, reserved 1048576K
}

